#-----------------------------------------------------------
# Vivado v2019.1 (64-bit)
# SW Build 2552052 on Fri May 24 14:49:42 MDT 2019
# IP Build 2548770 on Fri May 24 18:01:18 MDT 2019
# Start of session at: Thu Aug  4 17:19:40 2022
# Process ID: 17636
# Current directory: C:/Taller_Digitales/Ejemplos/Prueba_Conjunta_David_Esteban/prueba_conjunta/vivado_project
# Command line: vivado.exe -gui_launcher_event rodinguilauncherevent16808 C:\Taller_Digitales\Ejemplos\Prueba_Conjunta_David_Esteban\prueba_conjunta\vivado_project\vivado_project.xpr
# Log file: C:/Taller_Digitales/Ejemplos/Prueba_Conjunta_David_Esteban/prueba_conjunta/vivado_project/vivado.log
# Journal file: C:/Taller_Digitales/Ejemplos/Prueba_Conjunta_David_Esteban/prueba_conjunta/vivado_project\vivado.jou
#-----------------------------------------------------------
Sourcing tcl script 'C:/Users/estea/AppData/Roaming/Xilinx/Vivado/Vivado_init.tcl'
start_gui
open_project C:/Taller_Digitales/Ejemplos/Prueba_Conjunta_David_Esteban/prueba_conjunta/vivado_project/vivado_project.xpr
INFO: [ProjectBase 1-489] The host OS only allows 260 characters in a normal path. The project is stored in a path with more than 80 characters. If you experience issues with IP, Block Designs, or files not being found, please consider moving the project to a location with a shorter path. Alternately consider using the OS subst command to map part of the path to a drive letter.
Current project path is 'C:/Taller_Digitales/Ejemplos/Prueba_Conjunta_David_Esteban/prueba_conjunta/vivado_project'
INFO: [Project 1-313] Project file moved from 'C:/tdd/prueba_conjunta/src/vivado_project' since last save.
CRITICAL WARNING: [Project 1-311] Could not find the file 'C:/Taller_Digitales/Ejemplos/Prueba_Conjunta_David_Esteban/prueba_conjunta/design/mux.sv', nor could it be found using path 'C:/tdd/prueba_conjunta/src/design/mux.sv'.
Scanning sources...
Finished scanning sources
WARNING: [filemgmt 56-2] IPUserFilesDir: Could not find the directory 'C:/Taller_Digitales/Ejemplos/Prueba_Conjunta_David_Esteban/prueba_conjunta/vivado_project/vivado_project.ip_user_files', nor could it be found using path 'C:/tdd/prueba_conjunta/src/vivado_project/vivado_project.ip_user_files'.
INFO: [IP_Flow 19-234] Refreshing IP repositories
INFO: [IP_Flow 19-1704] No user IP repositories specified
INFO: [IP_Flow 19-2313] Loaded Vivado IP repository 'C:/Xilinx/Vivado/2019.1/data/ip'.
open_project: Time (s): cpu = 00:00:26 ; elapsed = 00:00:09 . Memory (MB): peak = 693.523 ; gain = 78.758
update_compile_order -fileset sources_1
exit
INFO: [Common 17-206] Exiting Vivado at Thu Aug  4 17:20:42 2022...
