#-----------------------------------------------------------
# Vivado v2019.1 (64-bit)
# SW Build 2552052 on Fri May 24 14:49:42 MDT 2019
# IP Build 2548770 on Fri May 24 18:01:18 MDT 2019
# Start of session at: Thu Aug  4 21:00:23 2022
# Process ID: 10792
# Current directory: C:/tdd/prueba_conjunta/vivado_project
# Command line: vivado.exe -gui_launcher_event rodinguilauncherevent15496 C:\tdd\prueba_conjunta\vivado_project\vivado_project.xpr
# Log file: C:/tdd/prueba_conjunta/vivado_project/vivado.log
# Journal file: C:/tdd/prueba_conjunta/vivado_project\vivado.jou
#-----------------------------------------------------------
Sourcing tcl script 'C:/Users/David Herrera/AppData/Roaming/Xilinx/Vivado/Vivado_init.tcl'
start_gui
open_project C:/tdd/prueba_conjunta/vivado_project/vivado_project.xpr
INFO: [Project 1-313] Project file moved from 'C:/Taller_Digitales/Ejemplos/Prueba_Conjunta_David_Esteban/prueba_conjunta/vivado_project' since last save.
Scanning sources...
Finished scanning sources
INFO: [IP_Flow 19-234] Refreshing IP repositories
INFO: [IP_Flow 19-1704] No user IP repositories specified
INFO: [IP_Flow 19-2313] Loaded Vivado IP repository 'C:/Xilinx/Vivado/2019.1/data/ip'.
